STAR version=2.7.9a
STAR compilation time,server,dir=2021-05-27T15:31:40+0200 nodo11:/dev/shm/STAR/2.7.9a/foss-2018b/STAR-2.7.9a/source
##### Command Line:
/beegfs/easybuild/CentOS/7.5.1804/Skylake/software/STAR/2.7.9a-foss-2018b/bin/STAR --genomeDir ~/references/STAR_mouse_GHRC39/--readFilesCommand zcat --runThreadN 6 --readFilesIn ~/04_IOLIVERA/trimmed/IL12-DR-1-bis_1_T.fastq.gz ~/04_IOLIVERA/trimmed/IL12-DR-1-bis_2_T.fastq.gz --outFileNamePrefix ~/04_IOLIVERA/Aligned/IL12-DR-1-bis --outSAMtype BAM SortedByCoordinate --outSAMattributes Standard
##### Initial USER parameters from Command Line:
outFileNamePrefix                 ~/04_IOLIVERA/Aligned/IL12-DR-1-bis
###### All USER parameters from Command Line:
genomeDir                     ~/references/STAR_mouse_GHRC39/--readFilesCommand     ~RE-DEFINED
runThreadN                    6     ~RE-DEFINED
readFilesIn                   ~/04_IOLIVERA/trimmed/IL12-DR-1-bis_1_T.fastq.gz   ~/04_IOLIVERA/trimmed/IL12-DR-1-bis_2_T.fastq.gz        ~RE-DEFINED
outFileNamePrefix             ~/04_IOLIVERA/Aligned/IL12-DR-1-bis     ~RE-DEFINED
outSAMtype                    BAM   SortedByCoordinate        ~RE-DEFINED
outSAMattributes              Standard        ~RE-DEFINED
##### Finished reading parameters from all sources

##### Final user re-defined parameters-----------------:
runThreadN                        6
genomeDir                         ~/references/STAR_mouse_GHRC39/--readFilesCommand
readFilesIn                       ~/04_IOLIVERA/trimmed/IL12-DR-1-bis_1_T.fastq.gz   ~/04_IOLIVERA/trimmed/IL12-DR-1-bis_2_T.fastq.gz   
outFileNamePrefix                 ~/04_IOLIVERA/Aligned/IL12-DR-1-bis
outSAMtype                        BAM   SortedByCoordinate   
outSAMattributes                  Standard   

-------------------------------
##### Final effective command line:
/beegfs/easybuild/CentOS/7.5.1804/Skylake/software/STAR/2.7.9a-foss-2018b/bin/STAR   --runThreadN 6   --genomeDir ~/references/STAR_mouse_GHRC39/--readFilesCommand   --readFilesIn ~/04_IOLIVERA/trimmed/IL12-DR-1-bis_1_T.fastq.gz   ~/04_IOLIVERA/trimmed/IL12-DR-1-bis_2_T.fastq.gz      --outFileNamePrefix ~/04_IOLIVERA/Aligned/IL12-DR-1-bis   --outSAMtype BAM   SortedByCoordinate      --outSAMattributes Standard   
----------------------------------------

Number of fastq files for each mate = 1

EXITING because of fatal input ERROR: could not open readFilesIn=~/04_IOLIVERA/trimmed/IL12-DR-1-bis_1_T.fastq.gz

Nov 02 10:37:11 ...... FATAL ERROR, exiting
